[2020-04-23 02:35:10] local.ERROR: Please provide a valid cache path. {"exception":"[object] (InvalidArgumentException(code: 0): Please provide a valid cache path. at C:\\Users\\pooria\\projects2020\\code\\tootiko\\vendor\\laravel\\framework\\src\\Illuminate\\View\\Compilers\\Compiler.php:36)
[stacktrace]
#0 C:\\Users\\pooria\\projects2020\\code\\tootiko\\vendor\\laravel\\framework\\src\\Illuminate\\View\\ViewServiceProvider.php(92): Illuminate\\View\\Compilers\\Compiler->__construct(Object(Illuminate\\Filesystem\\Filesystem), false)
#1 C:\\Users\\pooria\\projects2020\\code\\tootiko\\vendor\\laravel\\framework\\src\\Illuminate\\Container\\Container.php(799): Illuminate\\View\\ViewServiceProvider->Illuminate\\View\\{closure}(Object(Illuminate\\Foundation\\Application), Array)
#2 C:\\Users\\pooria\\projects2020\\code\\tootiko\\vendor\\laravel\\framework\\src\\Illuminate\\Container\\Container.php(681): Illuminate\\Container\\Container->build(Object(Closure))
#3 C:\\Users\\pooria\\projects2020\\code\\tootiko\\vendor\\laravel\\framework\\src\\Illuminate\\Foundation\\Application.php(785): Illuminate\\Container\\Container->resolve('blade.compiler', Array, true)
#4 C:\\Users\\pooria\\projects2020\\code\\tootiko\\vendor\\laravel\\framework\\src\\Illuminate\\Container\\Container.php(629): Illuminate\\Foundation\\Application->resolve('blade.compiler', Array)
#5 C:\\Users\\pooria\\projects2020\\code\\tootiko\\vendor\\laravel\\framework\\src\\Illuminate\\Foundation\\Application.php(770): Illuminate\\Container\\Container->make('blade.compiler', Array)
#6 C:\\Users\\pooria\\projects2020\\code\\tootiko\\vendor\\laravel\\framework\\src\\Illuminate\\Container\\Container.php(1245): Illuminate\\Foundation\\Application->make('blade.compiler')
#7 C:\\Users\\pooria\\projects2020\\code\\tootiko\\vendor\\laravel\\framework\\src\\Illuminate\\View\\ViewServiceProvider.php(153): Illuminate\\Container\\Container->offsetGet('blade.compiler')
#8 [internal function]: Illuminate\\View\\ViewServiceProvider->Illuminate\\View\\{closure}()
#9 C:\\Users\\pooria\\projects2020\\code\\tootiko\\vendor\\laravel\\framework\\src\\Illuminate\\View\\Engines\\EngineResolver.php(55): call_user_func(Object(Closure))
#10 C:\\Users\\pooria\\projects2020\\code\\tootiko\\vendor\\facade\\ignition\\src\\IgnitionServiceProvider.php(378): Illuminate\\View\\Engines\\EngineResolver->resolve('blade')
#11 C:\\Users\\pooria\\projects2020\\code\\tootiko\\vendor\\facade\\ignition\\src\\IgnitionServiceProvider.php(117): Facade\\Ignition\\IgnitionServiceProvider->hasCustomViewEnginesRegistered()
#12 C:\\Users\\pooria\\projects2020\\code\\tootiko\\vendor\\facade\\ignition\\src\\IgnitionServiceProvider.php(79): Facade\\Ignition\\IgnitionServiceProvider->registerViewEngines()
#13 [internal function]: Facade\\Ignition\\IgnitionServiceProvider->boot()
#14 C:\\Users\\pooria\\projects2020\\code\\tootiko\\vendor\\laravel\\framework\\src\\Illuminate\\Container\\BoundMethod.php(32): call_user_func_array(Array, Array)
#15 C:\\Users\\pooria\\projects2020\\code\\tootiko\\vendor\\laravel\\framework\\src\\Illuminate\\Container\\Util.php(36): Illuminate\\Container\\BoundMethod::Illuminate\\Container\\{closure}()
#16 C:\\Users\\pooria\\projects2020\\code\\tootiko\\vendor\\laravel\\framework\\src\\Illuminate\\Container\\BoundMethod.php(90): Illuminate\\Container\\Util::unwrapIfClosure(Object(Closure))
#17 C:\\Users\\pooria\\projects2020\\code\\tootiko\\vendor\\laravel\\framework\\src\\Illuminate\\Container\\BoundMethod.php(34): Illuminate\\Container\\BoundMethod::callBoundMethod(Object(Illuminate\\Foundation\\Application), Array, Object(Closure))
#18 C:\\Users\\pooria\\projects2020\\code\\tootiko\\vendor\\laravel\\framework\\src\\Illuminate\\Container\\Container.php(590): Illuminate\\Container\\BoundMethod::call(Object(Illuminate\\Foundation\\Application), Array, Array, NULL)
#19 C:\\Users\\pooria\\projects2020\\code\\tootiko\\vendor\\laravel\\framework\\src\\Illuminate\\Foundation\\Application.php(856): Illuminate\\Container\\Container->call(Array)
#20 C:\\Users\\pooria\\projects2020\\code\\tootiko\\vendor\\laravel\\framework\\src\\Illuminate\\Foundation\\Application.php(839): Illuminate\\Foundation\\Application->bootProvider(Object(Facade\\Ignition\\IgnitionServiceProvider))
#21 [internal function]: Illuminate\\Foundation\\Application->Illuminate\\Foundation\\{closure}(Object(Facade\\Ignition\\IgnitionServiceProvider), 18)
#22 C:\\Users\\pooria\\projects2020\\code\\tootiko\\vendor\\laravel\\framework\\src\\Illuminate\\Foundation\\Application.php(840): array_walk(Array, Object(Closure))
#23 C:\\Users\\pooria\\projects2020\\code\\tootiko\\vendor\\laravel\\framework\\src\\Illuminate\\Foundation\\Bootstrap\\BootProviders.php(17): Illuminate\\Foundation\\Application->boot()
#24 C:\\Users\\pooria\\projects2020\\code\\tootiko\\vendor\\laravel\\framework\\src\\Illuminate\\Foundation\\Application.php(219): Illuminate\\Foundation\\Bootstrap\\BootProviders->bootstrap(Object(Illuminate\\Foundation\\Application))
#25 C:\\Users\\pooria\\projects2020\\code\\tootiko\\vendor\\laravel\\framework\\src\\Illuminate\\Foundation\\Console\\Kernel.php(320): Illuminate\\Foundation\\Application->bootstrapWith(Array)
#26 C:\\Users\\pooria\\projects2020\\code\\tootiko\\vendor\\laravel\\framework\\src\\Illuminate\\Foundation\\Console\\Kernel.php(129): Illuminate\\Foundation\\Console\\Kernel->bootstrap()
#27 C:\\Users\\pooria\\projects2020\\code\\tootiko\\artisan(37): Illuminate\\Foundation\\Console\\Kernel->handle(Object(Symfony\\Component\\Console\\Input\\ArgvInput), Object(Symfony\\Component\\Console\\Output\\ConsoleOutput))
#28 {main}
"} 
[2020-04-23 02:35:58] local.ERROR: Please provide a valid cache path. {"exception":"[object] (InvalidArgumentException(code: 0): Please provide a valid cache path. at C:\\Users\\pooria\\projects2020\\code\\tootiko\\vendor\\laravel\\framework\\src\\Illuminate\\View\\Compilers\\Compiler.php:36)
[stacktrace]
#0 C:\\Users\\pooria\\projects2020\\code\\tootiko\\vendor\\laravel\\framework\\src\\Illuminate\\View\\ViewServiceProvider.php(92): Illuminate\\View\\Compilers\\Compiler->__construct(Object(Illuminate\\Filesystem\\Filesystem), false)
#1 C:\\Users\\pooria\\projects2020\\code\\tootiko\\vendor\\laravel\\framework\\src\\Illuminate\\Container\\Container.php(799): Illuminate\\View\\ViewServiceProvider->Illuminate\\View\\{closure}(Object(Illuminate\\Foundation\\Application), Array)
#2 C:\\Users\\pooria\\projects2020\\code\\tootiko\\vendor\\laravel\\framework\\src\\Illuminate\\Container\\Container.php(681): Illuminate\\Container\\Container->build(Object(Closure))
#3 C:\\Users\\pooria\\projects2020\\code\\tootiko\\vendor\\laravel\\framework\\src\\Illuminate\\Foundation\\Application.php(785): Illuminate\\Container\\Container->resolve('blade.compiler', Array, true)
#4 C:\\Users\\pooria\\projects2020\\code\\tootiko\\vendor\\laravel\\framework\\src\\Illuminate\\Container\\Container.php(629): Illuminate\\Foundation\\Application->resolve('blade.compiler', Array)
#5 C:\\Users\\pooria\\projects2020\\code\\tootiko\\vendor\\laravel\\framework\\src\\Illuminate\\Foundation\\Application.php(770): Illuminate\\Container\\Container->make('blade.compiler', Array)
#6 C:\\Users\\pooria\\projects2020\\code\\tootiko\\vendor\\laravel\\framework\\src\\Illuminate\\Container\\Container.php(1245): Illuminate\\Foundation\\Application->make('blade.compiler')
#7 C:\\Users\\pooria\\projects2020\\code\\tootiko\\vendor\\laravel\\framework\\src\\Illuminate\\View\\ViewServiceProvider.php(153): Illuminate\\Container\\Container->offsetGet('blade.compiler')
#8 [internal function]: Illuminate\\View\\ViewServiceProvider->Illuminate\\View\\{closure}()
#9 C:\\Users\\pooria\\projects2020\\code\\tootiko\\vendor\\laravel\\framework\\src\\Illuminate\\View\\Engines\\EngineResolver.php(55): call_user_func(Object(Closure))
#10 C:\\Users\\pooria\\projects2020\\code\\tootiko\\vendor\\facade\\ignition\\src\\IgnitionServiceProvider.php(378): Illuminate\\View\\Engines\\EngineResolver->resolve('blade')
#11 C:\\Users\\pooria\\projects2020\\code\\tootiko\\vendor\\facade\\ignition\\src\\IgnitionServiceProvider.php(117): Facade\\Ignition\\IgnitionServiceProvider->hasCustomViewEnginesRegistered()
#12 C:\\Users\\pooria\\projects2020\\code\\tootiko\\vendor\\facade\\ignition\\src\\IgnitionServiceProvider.php(79): Facade\\Ignition\\IgnitionServiceProvider->registerViewEngines()
#13 [internal function]: Facade\\Ignition\\IgnitionServiceProvider->boot()
#14 C:\\Users\\pooria\\projects2020\\code\\tootiko\\vendor\\laravel\\framework\\src\\Illuminate\\Container\\BoundMethod.php(32): call_user_func_array(Array, Array)
#15 C:\\Users\\pooria\\projects2020\\code\\tootiko\\vendor\\laravel\\framework\\src\\Illuminate\\Container\\Util.php(36): Illuminate\\Container\\BoundMethod::Illuminate\\Container\\{closure}()
#16 C:\\Users\\pooria\\projects2020\\code\\tootiko\\vendor\\laravel\\framework\\src\\Illuminate\\Container\\BoundMethod.php(90): Illuminate\\Container\\Util::unwrapIfClosure(Object(Closure))
#17 C:\\Users\\pooria\\projects2020\\code\\tootiko\\vendor\\laravel\\framework\\src\\Illuminate\\Container\\BoundMethod.php(34): Illuminate\\Container\\BoundMethod::callBoundMethod(Object(Illuminate\\Foundation\\Application), Array, Object(Closure))
#18 C:\\Users\\pooria\\projects2020\\code\\tootiko\\vendor\\laravel\\framework\\src\\Illuminate\\Container\\Container.php(590): Illuminate\\Container\\BoundMethod::call(Object(Illuminate\\Foundation\\Application), Array, Array, NULL)
#19 C:\\Users\\pooria\\projects2020\\code\\tootiko\\vendor\\laravel\\framework\\src\\Illuminate\\Foundation\\Application.php(856): Illuminate\\Container\\Container->call(Array)
#20 C:\\Users\\pooria\\projects2020\\code\\tootiko\\vendor\\laravel\\framework\\src\\Illuminate\\Foundation\\Application.php(839): Illuminate\\Foundation\\Application->bootProvider(Object(Facade\\Ignition\\IgnitionServiceProvider))
#21 [internal function]: Illuminate\\Foundation\\Application->Illuminate\\Foundation\\{closure}(Object(Facade\\Ignition\\IgnitionServiceProvider), 18)
#22 C:\\Users\\pooria\\projects2020\\code\\tootiko\\vendor\\laravel\\framework\\src\\Illuminate\\Foundation\\Application.php(840): array_walk(Array, Object(Closure))
#23 C:\\Users\\pooria\\projects2020\\code\\tootiko\\vendor\\laravel\\framework\\src\\Illuminate\\Foundation\\Bootstrap\\BootProviders.php(17): Illuminate\\Foundation\\Application->boot()
#24 C:\\Users\\pooria\\projects2020\\code\\tootiko\\vendor\\laravel\\framework\\src\\Illuminate\\Foundation\\Application.php(219): Illuminate\\Foundation\\Bootstrap\\BootProviders->bootstrap(Object(Illuminate\\Foundation\\Application))
#25 C:\\Users\\pooria\\projects2020\\code\\tootiko\\vendor\\laravel\\framework\\src\\Illuminate\\Foundation\\Console\\Kernel.php(320): Illuminate\\Foundation\\Application->bootstrapWith(Array)
#26 C:\\Users\\pooria\\projects2020\\code\\tootiko\\vendor\\laravel\\framework\\src\\Illuminate\\Foundation\\Console\\Kernel.php(129): Illuminate\\Foundation\\Console\\Kernel->bootstrap()
#27 C:\\Users\\pooria\\projects2020\\code\\tootiko\\artisan(37): Illuminate\\Foundation\\Console\\Kernel->handle(Object(Symfony\\Component\\Console\\Input\\ArgvInput), Object(Symfony\\Component\\Console\\Output\\ConsoleOutput))
#28 {main}
"} 
[2020-04-23 02:41:18] local.ERROR: Please provide a valid cache path. {"exception":"[object] (InvalidArgumentException(code: 0): Please provide a valid cache path. at C:\\Users\\pooria\\projects2020\\code\\tootiko\\vendor\\laravel\\framework\\src\\Illuminate\\View\\Compilers\\Compiler.php:36)
[stacktrace]
#0 C:\\Users\\pooria\\projects2020\\code\\tootiko\\vendor\\laravel\\framework\\src\\Illuminate\\View\\ViewServiceProvider.php(92): Illuminate\\View\\Compilers\\Compiler->__construct(Object(Illuminate\\Filesystem\\Filesystem), false)
#1 C:\\Users\\pooria\\projects2020\\code\\tootiko\\vendor\\laravel\\framework\\src\\Illuminate\\Container\\Container.php(799): Illuminate\\View\\ViewServiceProvider->Illuminate\\View\\{closure}(Object(Illuminate\\Foundation\\Application), Array)
#2 C:\\Users\\pooria\\projects2020\\code\\tootiko\\vendor\\laravel\\framework\\src\\Illuminate\\Container\\Container.php(681): Illuminate\\Container\\Container->build(Object(Closure))
#3 C:\\Users\\pooria\\projects2020\\code\\tootiko\\vendor\\laravel\\framework\\src\\Illuminate\\Foundation\\Application.php(785): Illuminate\\Container\\Container->resolve('blade.compiler', Array, true)
#4 C:\\Users\\pooria\\projects2020\\code\\tootiko\\vendor\\laravel\\framework\\src\\Illuminate\\Container\\Container.php(629): Illuminate\\Foundation\\Application->resolve('blade.compiler', Array)
#5 C:\\Users\\pooria\\projects2020\\code\\tootiko\\vendor\\laravel\\framework\\src\\Illuminate\\Foundation\\Application.php(770): Illuminate\\Container\\Container->make('blade.compiler', Array)
#6 C:\\Users\\pooria\\projects2020\\code\\tootiko\\vendor\\laravel\\framework\\src\\Illuminate\\Container\\Container.php(1245): Illuminate\\Foundation\\Application->make('blade.compiler')
#7 C:\\Users\\pooria\\projects2020\\code\\tootiko\\vendor\\laravel\\framework\\src\\Illuminate\\View\\ViewServiceProvider.php(153): Illuminate\\Container\\Container->offsetGet('blade.compiler')
#8 [internal function]: Illuminate\\View\\ViewServiceProvider->Illuminate\\View\\{closure}()
#9 C:\\Users\\pooria\\projects2020\\code\\tootiko\\vendor\\laravel\\framework\\src\\Illuminate\\View\\Engines\\EngineResolver.php(55): call_user_func(Object(Closure))
#10 C:\\Users\\pooria\\projects2020\\code\\tootiko\\vendor\\facade\\ignition\\src\\IgnitionServiceProvider.php(378): Illuminate\\View\\Engines\\EngineResolver->resolve('blade')
#11 C:\\Users\\pooria\\projects2020\\code\\tootiko\\vendor\\facade\\ignition\\src\\IgnitionServiceProvider.php(117): Facade\\Ignition\\IgnitionServiceProvider->hasCustomViewEnginesRegistered()
#12 C:\\Users\\pooria\\projects2020\\code\\tootiko\\vendor\\facade\\ignition\\src\\IgnitionServiceProvider.php(79): Facade\\Ignition\\IgnitionServiceProvider->registerViewEngines()
#13 [internal function]: Facade\\Ignition\\IgnitionServiceProvider->boot()
#14 C:\\Users\\pooria\\projects2020\\code\\tootiko\\vendor\\laravel\\framework\\src\\Illuminate\\Container\\BoundMethod.php(32): call_user_func_array(Array, Array)
#15 C:\\Users\\pooria\\projects2020\\code\\tootiko\\vendor\\laravel\\framework\\src\\Illuminate\\Container\\Util.php(36): Illuminate\\Container\\BoundMethod::Illuminate\\Container\\{closure}()
#16 C:\\Users\\pooria\\projects2020\\code\\tootiko\\vendor\\laravel\\framework\\src\\Illuminate\\Container\\BoundMethod.php(90): Illuminate\\Container\\Util::unwrapIfClosure(Object(Closure))
#17 C:\\Users\\pooria\\projects2020\\code\\tootiko\\vendor\\laravel\\framework\\src\\Illuminate\\Container\\BoundMethod.php(34): Illuminate\\Container\\BoundMethod::callBoundMethod(Object(Illuminate\\Foundation\\Application), Array, Object(Closure))
#18 C:\\Users\\pooria\\projects2020\\code\\tootiko\\vendor\\laravel\\framework\\src\\Illuminate\\Container\\Container.php(590): Illuminate\\Container\\BoundMethod::call(Object(Illuminate\\Foundation\\Application), Array, Array, NULL)
#19 C:\\Users\\pooria\\projects2020\\code\\tootiko\\vendor\\laravel\\framework\\src\\Illuminate\\Foundation\\Application.php(856): Illuminate\\Container\\Container->call(Array)
#20 C:\\Users\\pooria\\projects2020\\code\\tootiko\\vendor\\laravel\\framework\\src\\Illuminate\\Foundation\\Application.php(839): Illuminate\\Foundation\\Application->bootProvider(Object(Facade\\Ignition\\IgnitionServiceProvider))
#21 [internal function]: Illuminate\\Foundation\\Application->Illuminate\\Foundation\\{closure}(Object(Facade\\Ignition\\IgnitionServiceProvider), 18)
#22 C:\\Users\\pooria\\projects2020\\code\\tootiko\\vendor\\laravel\\framework\\src\\Illuminate\\Foundation\\Application.php(840): array_walk(Array, Object(Closure))
#23 C:\\Users\\pooria\\projects2020\\code\\tootiko\\vendor\\laravel\\framework\\src\\Illuminate\\Foundation\\Bootstrap\\BootProviders.php(17): Illuminate\\Foundation\\Application->boot()
#24 C:\\Users\\pooria\\projects2020\\code\\tootiko\\vendor\\laravel\\framework\\src\\Illuminate\\Foundation\\Application.php(219): Illuminate\\Foundation\\Bootstrap\\BootProviders->bootstrap(Object(Illuminate\\Foundation\\Application))
#25 C:\\Users\\pooria\\projects2020\\code\\tootiko\\vendor\\laravel\\framework\\src\\Illuminate\\Foundation\\Console\\Kernel.php(320): Illuminate\\Foundation\\Application->bootstrapWith(Array)
#26 C:\\Users\\pooria\\projects2020\\code\\tootiko\\vendor\\laravel\\framework\\src\\Illuminate\\Foundation\\Console\\Kernel.php(129): Illuminate\\Foundation\\Console\\Kernel->bootstrap()
#27 C:\\Users\\pooria\\projects2020\\code\\tootiko\\artisan(37): Illuminate\\Foundation\\Console\\Kernel->handle(Object(Symfony\\Component\\Console\\Input\\ArgvInput), Object(Symfony\\Component\\Console\\Output\\ConsoleOutput))
#28 {main}
"} 
[2020-04-23 02:44:41] local.ERROR: Please provide a valid cache path. {"exception":"[object] (InvalidArgumentException(code: 0): Please provide a valid cache path. at /home/vagrant/code/tootiko/vendor/laravel/framework/src/Illuminate/View/Compilers/Compiler.php:36)
[stacktrace]
#0 /home/vagrant/code/tootiko/vendor/laravel/framework/src/Illuminate/View/ViewServiceProvider.php(92): Illuminate\\View\\Compilers\\Compiler->__construct(Object(Illuminate\\Filesystem\\Filesystem), false)
#1 /home/vagrant/code/tootiko/vendor/laravel/framework/src/Illuminate/Container/Container.php(799): Illuminate\\View\\ViewServiceProvider->Illuminate\\View\\{closure}(Object(Illuminate\\Foundation\\Application), Array)
#2 /home/vagrant/code/tootiko/vendor/laravel/framework/src/Illuminate/Container/Container.php(681): Illuminate\\Container\\Container->build(Object(Closure))
#3 /home/vagrant/code/tootiko/vendor/laravel/framework/src/Illuminate/Foundation/Application.php(785): Illuminate\\Container\\Container->resolve('blade.compiler', Array, true)
#4 /home/vagrant/code/tootiko/vendor/laravel/framework/src/Illuminate/Container/Container.php(629): Illuminate\\Foundation\\Application->resolve('blade.compiler', Array)
#5 /home/vagrant/code/tootiko/vendor/laravel/framework/src/Illuminate/Foundation/Application.php(770): Illuminate\\Container\\Container->make('blade.compiler', Array)
#6 /home/vagrant/code/tootiko/vendor/laravel/framework/src/Illuminate/Container/Container.php(1245): Illuminate\\Foundation\\Application->make('blade.compiler')
#7 /home/vagrant/code/tootiko/vendor/laravel/framework/src/Illuminate/View/ViewServiceProvider.php(153): Illuminate\\Container\\Container->offsetGet('blade.compiler')
#8 [internal function]: Illuminate\\View\\ViewServiceProvider->Illuminate\\View\\{closure}()
#9 /home/vagrant/code/tootiko/vendor/laravel/framework/src/Illuminate/View/Engines/EngineResolver.php(55): call_user_func(Object(Closure))
#10 /home/vagrant/code/tootiko/vendor/facade/ignition/src/IgnitionServiceProvider.php(378): Illuminate\\View\\Engines\\EngineResolver->resolve('blade')
#11 /home/vagrant/code/tootiko/vendor/facade/ignition/src/IgnitionServiceProvider.php(117): Facade\\Ignition\\IgnitionServiceProvider->hasCustomViewEnginesRegistered()
#12 /home/vagrant/code/tootiko/vendor/facade/ignition/src/IgnitionServiceProvider.php(79): Facade\\Ignition\\IgnitionServiceProvider->registerViewEngines()
#13 [internal function]: Facade\\Ignition\\IgnitionServiceProvider->boot()
#14 /home/vagrant/code/tootiko/vendor/laravel/framework/src/Illuminate/Container/BoundMethod.php(32): call_user_func_array(Array, Array)
#15 /home/vagrant/code/tootiko/vendor/laravel/framework/src/Illuminate/Container/Util.php(36): Illuminate\\Container\\BoundMethod::Illuminate\\Container\\{closure}()
#16 /home/vagrant/code/tootiko/vendor/laravel/framework/src/Illuminate/Container/BoundMethod.php(90): Illuminate\\Container\\Util::unwrapIfClosure(Object(Closure))
#17 /home/vagrant/code/tootiko/vendor/laravel/framework/src/Illuminate/Container/BoundMethod.php(34): Illuminate\\Container\\BoundMethod::callBoundMethod(Object(Illuminate\\Foundation\\Application), Array, Object(Closure))
#18 /home/vagrant/code/tootiko/vendor/laravel/framework/src/Illuminate/Container/Container.php(590): Illuminate\\Container\\BoundMethod::call(Object(Illuminate\\Foundation\\Application), Array, Array, NULL)
#19 /home/vagrant/code/tootiko/vendor/laravel/framework/src/Illuminate/Foundation/Application.php(856): Illuminate\\Container\\Container->call(Array)
#20 /home/vagrant/code/tootiko/vendor/laravel/framework/src/Illuminate/Foundation/Application.php(839): Illuminate\\Foundation\\Application->bootProvider(Object(Facade\\Ignition\\IgnitionServiceProvider))
#21 [internal function]: Illuminate\\Foundation\\Application->Illuminate\\Foundation\\{closure}(Object(Facade\\Ignition\\IgnitionServiceProvider), 18)
#22 /home/vagrant/code/tootiko/vendor/laravel/framework/src/Illuminate/Foundation/Application.php(840): array_walk(Array, Object(Closure))
#23 /home/vagrant/code/tootiko/vendor/laravel/framework/src/Illuminate/Foundation/Bootstrap/BootProviders.php(17): Illuminate\\Foundation\\Application->boot()
#24 /home/vagrant/code/tootiko/vendor/laravel/framework/src/Illuminate/Foundation/Application.php(219): Illuminate\\Foundation\\Bootstrap\\BootProviders->bootstrap(Object(Illuminate\\Foundation\\Application))
#25 /home/vagrant/code/tootiko/vendor/laravel/framework/src/Illuminate/Foundation/Console/Kernel.php(320): Illuminate\\Foundation\\Application->bootstrapWith(Array)
#26 /home/vagrant/code/tootiko/vendor/laravel/framework/src/Illuminate/Foundation/Console/Kernel.php(129): Illuminate\\Foundation\\Console\\Kernel->bootstrap()
#27 /home/vagrant/code/tootiko/artisan(37): Illuminate\\Foundation\\Console\\Kernel->handle(Object(Symfony\\Component\\Console\\Input\\ArgvInput), Object(Symfony\\Component\\Console\\Output\\ConsoleOutput))
#28 {main}
"} 
[2020-04-23 02:45:21] local.ERROR: Please provide a valid cache path. {"exception":"[object] (InvalidArgumentException(code: 0): Please provide a valid cache path. at /home/vagrant/code/tootiko/vendor/laravel/framework/src/Illuminate/View/Compilers/Compiler.php:36)
[stacktrace]
#0 /home/vagrant/code/tootiko/vendor/laravel/framework/src/Illuminate/View/ViewServiceProvider.php(92): Illuminate\\View\\Compilers\\Compiler->__construct(Object(Illuminate\\Filesystem\\Filesystem), false)
#1 /home/vagrant/code/tootiko/vendor/laravel/framework/src/Illuminate/Container/Container.php(799): Illuminate\\View\\ViewServiceProvider->Illuminate\\View\\{closure}(Object(Illuminate\\Foundation\\Application), Array)
#2 /home/vagrant/code/tootiko/vendor/laravel/framework/src/Illuminate/Container/Container.php(681): Illuminate\\Container\\Container->build(Object(Closure))
#3 /home/vagrant/code/tootiko/vendor/laravel/framework/src/Illuminate/Foundation/Application.php(785): Illuminate\\Container\\Container->resolve('blade.compiler', Array, true)
#4 /home/vagrant/code/tootiko/vendor/laravel/framework/src/Illuminate/Container/Container.php(629): Illuminate\\Foundation\\Application->resolve('blade.compiler', Array)
#5 /home/vagrant/code/tootiko/vendor/laravel/framework/src/Illuminate/Foundation/Application.php(770): Illuminate\\Container\\Container->make('blade.compiler', Array)
#6 /home/vagrant/code/tootiko/vendor/laravel/framework/src/Illuminate/Container/Container.php(1245): Illuminate\\Foundation\\Application->make('blade.compiler')
#7 /home/vagrant/code/tootiko/vendor/laravel/framework/src/Illuminate/View/ViewServiceProvider.php(153): Illuminate\\Container\\Container->offsetGet('blade.compiler')
#8 [internal function]: Illuminate\\View\\ViewServiceProvider->Illuminate\\View\\{closure}()
#9 /home/vagrant/code/tootiko/vendor/laravel/framework/src/Illuminate/View/Engines/EngineResolver.php(55): call_user_func(Object(Closure))
#10 /home/vagrant/code/tootiko/vendor/facade/ignition/src/IgnitionServiceProvider.php(378): Illuminate\\View\\Engines\\EngineResolver->resolve('blade')
#11 /home/vagrant/code/tootiko/vendor/facade/ignition/src/IgnitionServiceProvider.php(117): Facade\\Ignition\\IgnitionServiceProvider->hasCustomViewEnginesRegistered()
#12 /home/vagrant/code/tootiko/vendor/facade/ignition/src/IgnitionServiceProvider.php(79): Facade\\Ignition\\IgnitionServiceProvider->registerViewEngines()
#13 [internal function]: Facade\\Ignition\\IgnitionServiceProvider->boot()
#14 /home/vagrant/code/tootiko/vendor/laravel/framework/src/Illuminate/Container/BoundMethod.php(32): call_user_func_array(Array, Array)
#15 /home/vagrant/code/tootiko/vendor/laravel/framework/src/Illuminate/Container/Util.php(36): Illuminate\\Container\\BoundMethod::Illuminate\\Container\\{closure}()
#16 /home/vagrant/code/tootiko/vendor/laravel/framework/src/Illuminate/Container/BoundMethod.php(90): Illuminate\\Container\\Util::unwrapIfClosure(Object(Closure))
#17 /home/vagrant/code/tootiko/vendor/laravel/framework/src/Illuminate/Container/BoundMethod.php(34): Illuminate\\Container\\BoundMethod::callBoundMethod(Object(Illuminate\\Foundation\\Application), Array, Object(Closure))
#18 /home/vagrant/code/tootiko/vendor/laravel/framework/src/Illuminate/Container/Container.php(590): Illuminate\\Container\\BoundMethod::call(Object(Illuminate\\Foundation\\Application), Array, Array, NULL)
#19 /home/vagrant/code/tootiko/vendor/laravel/framework/src/Illuminate/Foundation/Application.php(856): Illuminate\\Container\\Container->call(Array)
#20 /home/vagrant/code/tootiko/vendor/laravel/framework/src/Illuminate/Foundation/Application.php(839): Illuminate\\Foundation\\Application->bootProvider(Object(Facade\\Ignition\\IgnitionServiceProvider))
#21 [internal function]: Illuminate\\Foundation\\Application->Illuminate\\Foundation\\{closure}(Object(Facade\\Ignition\\IgnitionServiceProvider), 18)
#22 /home/vagrant/code/tootiko/vendor/laravel/framework/src/Illuminate/Foundation/Application.php(840): array_walk(Array, Object(Closure))
#23 /home/vagrant/code/tootiko/vendor/laravel/framework/src/Illuminate/Foundation/Bootstrap/BootProviders.php(17): Illuminate\\Foundation\\Application->boot()
#24 /home/vagrant/code/tootiko/vendor/laravel/framework/src/Illuminate/Foundation/Application.php(219): Illuminate\\Foundation\\Bootstrap\\BootProviders->bootstrap(Object(Illuminate\\Foundation\\Application))
#25 /home/vagrant/code/tootiko/vendor/laravel/framework/src/Illuminate/Foundation/Console/Kernel.php(320): Illuminate\\Foundation\\Application->bootstrapWith(Array)
#26 /home/vagrant/code/tootiko/vendor/laravel/framework/src/Illuminate/Foundation/Console/Kernel.php(129): Illuminate\\Foundation\\Console\\Kernel->bootstrap()
#27 /home/vagrant/code/tootiko/artisan(37): Illuminate\\Foundation\\Console\\Kernel->handle(Object(Symfony\\Component\\Console\\Input\\ArgvInput), Object(Symfony\\Component\\Console\\Output\\ConsoleOutput))
#28 {main}
"} 
[2020-04-23 02:45:27] local.ERROR: Please provide a valid cache path. {"exception":"[object] (InvalidArgumentException(code: 0): Please provide a valid cache path. at /home/vagrant/code/tootiko/vendor/laravel/framework/src/Illuminate/View/Compilers/Compiler.php:36)
[stacktrace]
#0 /home/vagrant/code/tootiko/vendor/laravel/framework/src/Illuminate/View/ViewServiceProvider.php(92): Illuminate\\View\\Compilers\\Compiler->__construct(Object(Illuminate\\Filesystem\\Filesystem), false)
#1 /home/vagrant/code/tootiko/vendor/laravel/framework/src/Illuminate/Container/Container.php(799): Illuminate\\View\\ViewServiceProvider->Illuminate\\View\\{closure}(Object(Illuminate\\Foundation\\Application), Array)
#2 /home/vagrant/code/tootiko/vendor/laravel/framework/src/Illuminate/Container/Container.php(681): Illuminate\\Container\\Container->build(Object(Closure))
#3 /home/vagrant/code/tootiko/vendor/laravel/framework/src/Illuminate/Foundation/Application.php(785): Illuminate\\Container\\Container->resolve('blade.compiler', Array, true)
#4 /home/vagrant/code/tootiko/vendor/laravel/framework/src/Illuminate/Container/Container.php(629): Illuminate\\Foundation\\Application->resolve('blade.compiler', Array)
#5 /home/vagrant/code/tootiko/vendor/laravel/framework/src/Illuminate/Foundation/Application.php(770): Illuminate\\Container\\Container->make('blade.compiler', Array)
#6 /home/vagrant/code/tootiko/vendor/laravel/framework/src/Illuminate/Container/Container.php(1245): Illuminate\\Foundation\\Application->make('blade.compiler')
#7 /home/vagrant/code/tootiko/vendor/laravel/framework/src/Illuminate/View/ViewServiceProvider.php(153): Illuminate\\Container\\Container->offsetGet('blade.compiler')
#8 [internal function]: Illuminate\\View\\ViewServiceProvider->Illuminate\\View\\{closure}()
#9 /home/vagrant/code/tootiko/vendor/laravel/framework/src/Illuminate/View/Engines/EngineResolver.php(55): call_user_func(Object(Closure))
#10 /home/vagrant/code/tootiko/vendor/facade/ignition/src/IgnitionServiceProvider.php(378): Illuminate\\View\\Engines\\EngineResolver->resolve('blade')
#11 /home/vagrant/code/tootiko/vendor/facade/ignition/src/IgnitionServiceProvider.php(117): Facade\\Ignition\\IgnitionServiceProvider->hasCustomViewEnginesRegistered()
#12 /home/vagrant/code/tootiko/vendor/facade/ignition/src/IgnitionServiceProvider.php(79): Facade\\Ignition\\IgnitionServiceProvider->registerViewEngines()
#13 [internal function]: Facade\\Ignition\\IgnitionServiceProvider->boot()
#14 /home/vagrant/code/tootiko/vendor/laravel/framework/src/Illuminate/Container/BoundMethod.php(32): call_user_func_array(Array, Array)
#15 /home/vagrant/code/tootiko/vendor/laravel/framework/src/Illuminate/Container/Util.php(36): Illuminate\\Container\\BoundMethod::Illuminate\\Container\\{closure}()
#16 /home/vagrant/code/tootiko/vendor/laravel/framework/src/Illuminate/Container/BoundMethod.php(90): Illuminate\\Container\\Util::unwrapIfClosure(Object(Closure))
#17 /home/vagrant/code/tootiko/vendor/laravel/framework/src/Illuminate/Container/BoundMethod.php(34): Illuminate\\Container\\BoundMethod::callBoundMethod(Object(Illuminate\\Foundation\\Application), Array, Object(Closure))
#18 /home/vagrant/code/tootiko/vendor/laravel/framework/src/Illuminate/Container/Container.php(590): Illuminate\\Container\\BoundMethod::call(Object(Illuminate\\Foundation\\Application), Array, Array, NULL)
#19 /home/vagrant/code/tootiko/vendor/laravel/framework/src/Illuminate/Foundation/Application.php(856): Illuminate\\Container\\Container->call(Array)
#20 /home/vagrant/code/tootiko/vendor/laravel/framework/src/Illuminate/Foundation/Application.php(839): Illuminate\\Foundation\\Application->bootProvider(Object(Facade\\Ignition\\IgnitionServiceProvider))
#21 [internal function]: Illuminate\\Foundation\\Application->Illuminate\\Foundation\\{closure}(Object(Facade\\Ignition\\IgnitionServiceProvider), 18)
#22 /home/vagrant/code/tootiko/vendor/laravel/framework/src/Illuminate/Foundation/Application.php(840): array_walk(Array, Object(Closure))
#23 /home/vagrant/code/tootiko/vendor/laravel/framework/src/Illuminate/Foundation/Bootstrap/BootProviders.php(17): Illuminate\\Foundation\\Application->boot()
#24 /home/vagrant/code/tootiko/vendor/laravel/framework/src/Illuminate/Foundation/Application.php(219): Illuminate\\Foundation\\Bootstrap\\BootProviders->bootstrap(Object(Illuminate\\Foundation\\Application))
#25 /home/vagrant/code/tootiko/vendor/laravel/framework/src/Illuminate/Foundation/Console/Kernel.php(320): Illuminate\\Foundation\\Application->bootstrapWith(Array)
#26 /home/vagrant/code/tootiko/vendor/laravel/framework/src/Illuminate/Foundation/Console/Kernel.php(129): Illuminate\\Foundation\\Console\\Kernel->bootstrap()
#27 /home/vagrant/code/tootiko/artisan(37): Illuminate\\Foundation\\Console\\Kernel->handle(Object(Symfony\\Component\\Console\\Input\\ArgvInput), Object(Symfony\\Component\\Console\\Output\\ConsoleOutput))
#28 {main}
"} 
[2020-04-23 10:22:10] local.ERROR: Please provide a valid cache path. {"exception":"[object] (InvalidArgumentException(code: 0): Please provide a valid cache path. at /home/vagrant/code/tootiko/vendor/laravel/framework/src/Illuminate/View/Compilers/Compiler.php:36)
[stacktrace]
#0 /home/vagrant/code/tootiko/vendor/laravel/framework/src/Illuminate/View/ViewServiceProvider.php(92): Illuminate\\View\\Compilers\\Compiler->__construct(Object(Illuminate\\Filesystem\\Filesystem), false)
#1 /home/vagrant/code/tootiko/vendor/laravel/framework/src/Illuminate/Container/Container.php(799): Illuminate\\View\\ViewServiceProvider->Illuminate\\View\\{closure}(Object(Illuminate\\Foundation\\Application), Array)
#2 /home/vagrant/code/tootiko/vendor/laravel/framework/src/Illuminate/Container/Container.php(681): Illuminate\\Container\\Container->build(Object(Closure))
#3 /home/vagrant/code/tootiko/vendor/laravel/framework/src/Illuminate/Foundation/Application.php(785): Illuminate\\Container\\Container->resolve('blade.compiler', Array, true)
#4 /home/vagrant/code/tootiko/vendor/laravel/framework/src/Illuminate/Container/Container.php(629): Illuminate\\Foundation\\Application->resolve('blade.compiler', Array)
#5 /home/vagrant/code/tootiko/vendor/laravel/framework/src/Illuminate/Foundation/Application.php(770): Illuminate\\Container\\Container->make('blade.compiler', Array)
#6 /home/vagrant/code/tootiko/vendor/laravel/framework/src/Illuminate/Container/Container.php(1245): Illuminate\\Foundation\\Application->make('blade.compiler')
#7 /home/vagrant/code/tootiko/vendor/laravel/framework/src/Illuminate/View/ViewServiceProvider.php(153): Illuminate\\Container\\Container->offsetGet('blade.compiler')
#8 [internal function]: Illuminate\\View\\ViewServiceProvider->Illuminate\\View\\{closure}()
#9 /home/vagrant/code/tootiko/vendor/laravel/framework/src/Illuminate/View/Engines/EngineResolver.php(55): call_user_func(Object(Closure))
#10 /home/vagrant/code/tootiko/vendor/facade/ignition/src/IgnitionServiceProvider.php(378): Illuminate\\View\\Engines\\EngineResolver->resolve('blade')
#11 /home/vagrant/code/tootiko/vendor/facade/ignition/src/IgnitionServiceProvider.php(117): Facade\\Ignition\\IgnitionServiceProvider->hasCustomViewEnginesRegistered()
#12 /home/vagrant/code/tootiko/vendor/facade/ignition/src/IgnitionServiceProvider.php(79): Facade\\Ignition\\IgnitionServiceProvider->registerViewEngines()
#13 [internal function]: Facade\\Ignition\\IgnitionServiceProvider->boot()
#14 /home/vagrant/code/tootiko/vendor/laravel/framework/src/Illuminate/Container/BoundMethod.php(32): call_user_func_array(Array, Array)
#15 /home/vagrant/code/tootiko/vendor/laravel/framework/src/Illuminate/Container/Util.php(36): Illuminate\\Container\\BoundMethod::Illuminate\\Container\\{closure}()
#16 /home/vagrant/code/tootiko/vendor/laravel/framework/src/Illuminate/Container/BoundMethod.php(90): Illuminate\\Container\\Util::unwrapIfClosure(Object(Closure))
#17 /home/vagrant/code/tootiko/vendor/laravel/framework/src/Illuminate/Container/BoundMethod.php(34): Illuminate\\Container\\BoundMethod::callBoundMethod(Object(Illuminate\\Foundation\\Application), Array, Object(Closure))
#18 /home/vagrant/code/tootiko/vendor/laravel/framework/src/Illuminate/Container/Container.php(590): Illuminate\\Container\\BoundMethod::call(Object(Illuminate\\Foundation\\Application), Array, Array, NULL)
#19 /home/vagrant/code/tootiko/vendor/laravel/framework/src/Illuminate/Foundation/Application.php(856): Illuminate\\Container\\Container->call(Array)
#20 /home/vagrant/code/tootiko/vendor/laravel/framework/src/Illuminate/Foundation/Application.php(839): Illuminate\\Foundation\\Application->bootProvider(Object(Facade\\Ignition\\IgnitionServiceProvider))
#21 [internal function]: Illuminate\\Foundation\\Application->Illuminate\\Foundation\\{closure}(Object(Facade\\Ignition\\IgnitionServiceProvider), 18)
#22 /home/vagrant/code/tootiko/vendor/laravel/framework/src/Illuminate/Foundation/Application.php(840): array_walk(Array, Object(Closure))
#23 /home/vagrant/code/tootiko/vendor/laravel/framework/src/Illuminate/Foundation/Bootstrap/BootProviders.php(17): Illuminate\\Foundation\\Application->boot()
#24 /home/vagrant/code/tootiko/vendor/laravel/framework/src/Illuminate/Foundation/Application.php(219): Illuminate\\Foundation\\Bootstrap\\BootProviders->bootstrap(Object(Illuminate\\Foundation\\Application))
#25 /home/vagrant/code/tootiko/vendor/laravel/framework/src/Illuminate/Foundation/Http/Kernel.php(156): Illuminate\\Foundation\\Application->bootstrapWith(Array)
#26 /home/vagrant/code/tootiko/vendor/laravel/framework/src/Illuminate/Foundation/Http/Kernel.php(140): Illuminate\\Foundation\\Http\\Kernel->bootstrap()
#27 /home/vagrant/code/tootiko/vendor/laravel/framework/src/Illuminate/Foundation/Http/Kernel.php(110): Illuminate\\Foundation\\Http\\Kernel->sendRequestThroughRouter(Object(Illuminate\\Http\\Request))
#28 /home/vagrant/code/tootiko/public/index.php(55): Illuminate\\Foundation\\Http\\Kernel->handle(Object(Illuminate\\Http\\Request))
#29 {main}
"} 
[2020-04-23 14:50:53] local.ERROR: Wrong number of segments {"exception":"[object] (Tymon\\JWTAuth\\Exceptions\\TokenInvalidException(code: 0): Wrong number of segments at /home/vagrant/code/tootiko/vendor/tymon/jwt-auth/src/Validators/TokenValidator.php:42)
[stacktrace]
#0 /home/vagrant/code/tootiko/vendor/tymon/jwt-auth/src/Validators/TokenValidator.php(27): Tymon\\JWTAuth\\Validators\\TokenValidator->validateStructure('null')
#1 /home/vagrant/code/tootiko/vendor/tymon/jwt-auth/src/Token.php(32): Tymon\\JWTAuth\\Validators\\TokenValidator->check('null')
#2 /home/vagrant/code/tootiko/vendor/tymon/jwt-auth/src/JWT.php(304): Tymon\\JWTAuth\\Token->__construct('null')
#3 /home/vagrant/code/tootiko/vendor/tymon/jwt-auth/src/JWT.php(188): Tymon\\JWTAuth\\JWT->setToken('null')
#4 /home/vagrant/code/tootiko/vendor/laravel/framework/src/Illuminate/Support/Facades/Facade.php(261): Tymon\\JWTAuth\\JWT->parseToken()
#5 /home/vagrant/code/tootiko/app/Http/Middleware/JWT.php(20): Illuminate\\Support\\Facades\\Facade::__callStatic('parseToken', Array)
#6 /home/vagrant/code/tootiko/vendor/laravel/framework/src/Illuminate/Pipeline/Pipeline.php(171): App\\Http\\Middleware\\JWT->handle(Object(Illuminate\\Http\\Request), Object(Closure))
#7 /home/vagrant/code/tootiko/vendor/laravel/framework/src/Illuminate/Routing/Middleware/SubstituteBindings.php(41): Illuminate\\Pipeline\\Pipeline->Illuminate\\Pipeline\\{closure}(Object(Illuminate\\Http\\Request))
#8 /home/vagrant/code/tootiko/vendor/laravel/framework/src/Illuminate/Pipeline/Pipeline.php(171): Illuminate\\Routing\\Middleware\\SubstituteBindings->handle(Object(Illuminate\\Http\\Request), Object(Closure))
#9 /home/vagrant/code/tootiko/vendor/laravel/framework/src/Illuminate/Routing/Middleware/ThrottleRequests.php(59): Illuminate\\Pipeline\\Pipeline->Illuminate\\Pipeline\\{closure}(Object(Illuminate\\Http\\Request))
#10 /home/vagrant/code/tootiko/vendor/laravel/framework/src/Illuminate/Pipeline/Pipeline.php(171): Illuminate\\Routing\\Middleware\\ThrottleRequests->handle(Object(Illuminate\\Http\\Request), Object(Closure), 60, '1')
#11 /home/vagrant/code/tootiko/vendor/laravel/framework/src/Illuminate/Pipeline/Pipeline.php(105): Illuminate\\Pipeline\\Pipeline->Illuminate\\Pipeline\\{closure}(Object(Illuminate\\Http\\Request))
#12 /home/vagrant/code/tootiko/vendor/laravel/framework/src/Illuminate/Routing/Router.php(683): Illuminate\\Pipeline\\Pipeline->then(Object(Closure))
#13 /home/vagrant/code/tootiko/vendor/laravel/framework/src/Illuminate/Routing/Router.php(658): Illuminate\\Routing\\Router->runRouteWithinStack(Object(Illuminate\\Routing\\Route), Object(Illuminate\\Http\\Request))
#14 /home/vagrant/code/tootiko/vendor/laravel/framework/src/Illuminate/Routing/Router.php(624): Illuminate\\Routing\\Router->runRoute(Object(Illuminate\\Http\\Request), Object(Illuminate\\Routing\\Route))
#15 /home/vagrant/code/tootiko/vendor/laravel/framework/src/Illuminate/Routing/Router.php(613): Illuminate\\Routing\\Router->dispatchToRoute(Object(Illuminate\\Http\\Request))
#16 /home/vagrant/code/tootiko/vendor/laravel/framework/src/Illuminate/Foundation/Http/Kernel.php(170): Illuminate\\Routing\\Router->dispatch(Object(Illuminate\\Http\\Request))
#17 /home/vagrant/code/tootiko/vendor/laravel/framework/src/Illuminate/Pipeline/Pipeline.php(130): Illuminate\\Foundation\\Http\\Kernel->Illuminate\\Foundation\\Http\\{closure}(Object(Illuminate\\Http\\Request))
#18 /home/vagrant/code/tootiko/vendor/laravel/framework/src/Illuminate/Foundation/Http/Middleware/TransformsRequest.php(21): Illuminate\\Pipeline\\Pipeline->Illuminate\\Pipeline\\{closure}(Object(Illuminate\\Http\\Request))
#19 /home/vagrant/code/tootiko/vendor/laravel/framework/src/Illuminate/Pipeline/Pipeline.php(171): Illuminate\\Foundation\\Http\\Middleware\\TransformsRequest->handle(Object(Illuminate\\Http\\Request), Object(Closure))
#20 /home/vagrant/code/tootiko/vendor/laravel/framework/src/Illuminate/Foundation/Http/Middleware/TransformsRequest.php(21): Illuminate\\Pipeline\\Pipeline->Illuminate\\Pipeline\\{closure}(Object(Illuminate\\Http\\Request))
#21 /home/vagrant/code/tootiko/vendor/laravel/framework/src/Illuminate/Pipeline/Pipeline.php(171): Illuminate\\Foundation\\Http\\Middleware\\TransformsRequest->handle(Object(Illuminate\\Http\\Request), Object(Closure))
#22 /home/vagrant/code/tootiko/vendor/laravel/framework/src/Illuminate/Foundation/Http/Middleware/ValidatePostSize.php(27): Illuminate\\Pipeline\\Pipeline->Illuminate\\Pipeline\\{closure}(Object(Illuminate\\Http\\Request))
#23 /home/vagrant/code/tootiko/vendor/laravel/framework/src/Illuminate/Pipeline/Pipeline.php(171): Illuminate\\Foundation\\Http\\Middleware\\ValidatePostSize->handle(Object(Illuminate\\Http\\Request), Object(Closure))
#24 /home/vagrant/code/tootiko/vendor/laravel/framework/src/Illuminate/Foundation/Http/Middleware/CheckForMaintenanceMode.php(63): Illuminate\\Pipeline\\Pipeline->Illuminate\\Pipeline\\{closure}(Object(Illuminate\\Http\\Request))
#25 /home/vagrant/code/tootiko/vendor/laravel/framework/src/Illuminate/Pipeline/Pipeline.php(171): Illuminate\\Foundation\\Http\\Middleware\\CheckForMaintenanceMode->handle(Object(Illuminate\\Http\\Request), Object(Closure))
#26 /home/vagrant/code/tootiko/vendor/fideloper/proxy/src/TrustProxies.php(57): Illuminate\\Pipeline\\Pipeline->Illuminate\\Pipeline\\{closure}(Object(Illuminate\\Http\\Request))
#27 /home/vagrant/code/tootiko/vendor/laravel/framework/src/Illuminate/Pipeline/Pipeline.php(171): Fideloper\\Proxy\\TrustProxies->handle(Object(Illuminate\\Http\\Request), Object(Closure))
#28 /home/vagrant/code/tootiko/vendor/laravel/framework/src/Illuminate/Pipeline/Pipeline.php(105): Illuminate\\Pipeline\\Pipeline->Illuminate\\Pipeline\\{closure}(Object(Illuminate\\Http\\Request))
#29 /home/vagrant/code/tootiko/vendor/laravel/framework/src/Illuminate/Foundation/Http/Kernel.php(145): Illuminate\\Pipeline\\Pipeline->then(Object(Closure))
#30 /home/vagrant/code/tootiko/vendor/laravel/framework/src/Illuminate/Foundation/Http/Kernel.php(110): Illuminate\\Foundation\\Http\\Kernel->sendRequestThroughRouter(Object(Illuminate\\Http\\Request))
#31 /home/vagrant/code/tootiko/public/index.php(55): Illuminate\\Foundation\\Http\\Kernel->handle(Object(Illuminate\\Http\\Request))
#32 {main}
"} 
[2020-04-23 14:51:02] local.ERROR: The token could not be parsed from the request {"exception":"[object] (Tymon\\JWTAuth\\Exceptions\\JWTException(code: 0): The token could not be parsed from the request at /home/vagrant/code/tootiko/vendor/tymon/jwt-auth/src/JWT.php:185)
[stacktrace]
#0 /home/vagrant/code/tootiko/vendor/laravel/framework/src/Illuminate/Support/Facades/Facade.php(261): Tymon\\JWTAuth\\JWT->parseToken()
#1 /home/vagrant/code/tootiko/app/Http/Middleware/JWT.php(20): Illuminate\\Support\\Facades\\Facade::__callStatic('parseToken', Array)
#2 /home/vagrant/code/tootiko/vendor/laravel/framework/src/Illuminate/Pipeline/Pipeline.php(171): App\\Http\\Middleware\\JWT->handle(Object(Illuminate\\Http\\Request), Object(Closure))
#3 /home/vagrant/code/tootiko/vendor/laravel/framework/src/Illuminate/Routing/Middleware/SubstituteBindings.php(41): Illuminate\\Pipeline\\Pipeline->Illuminate\\Pipeline\\{closure}(Object(Illuminate\\Http\\Request))
#4 /home/vagrant/code/tootiko/vendor/laravel/framework/src/Illuminate/Pipeline/Pipeline.php(171): Illuminate\\Routing\\Middleware\\SubstituteBindings->handle(Object(Illuminate\\Http\\Request), Object(Closure))
#5 /home/vagrant/code/tootiko/vendor/laravel/framework/src/Illuminate/Routing/Middleware/ThrottleRequests.php(59): Illuminate\\Pipeline\\Pipeline->Illuminate\\Pipeline\\{closure}(Object(Illuminate\\Http\\Request))
#6 /home/vagrant/code/tootiko/vendor/laravel/framework/src/Illuminate/Pipeline/Pipeline.php(171): Illuminate\\Routing\\Middleware\\ThrottleRequests->handle(Object(Illuminate\\Http\\Request), Object(Closure), 60, '1')
#7 /home/vagrant/code/tootiko/vendor/laravel/framework/src/Illuminate/Pipeline/Pipeline.php(105): Illuminate\\Pipeline\\Pipeline->Illuminate\\Pipeline\\{closure}(Object(Illuminate\\Http\\Request))
#8 /home/vagrant/code/tootiko/vendor/laravel/framework/src/Illuminate/Routing/Router.php(683): Illuminate\\Pipeline\\Pipeline->then(Object(Closure))
#9 /home/vagrant/code/tootiko/vendor/laravel/framework/src/Illuminate/Routing/Router.php(658): Illuminate\\Routing\\Router->runRouteWithinStack(Object(Illuminate\\Routing\\Route), Object(Illuminate\\Http\\Request))
#10 /home/vagrant/code/tootiko/vendor/laravel/framework/src/Illuminate/Routing/Router.php(624): Illuminate\\Routing\\Router->runRoute(Object(Illuminate\\Http\\Request), Object(Illuminate\\Routing\\Route))
#11 /home/vagrant/code/tootiko/vendor/laravel/framework/src/Illuminate/Routing/Router.php(613): Illuminate\\Routing\\Router->dispatchToRoute(Object(Illuminate\\Http\\Request))
#12 /home/vagrant/code/tootiko/vendor/laravel/framework/src/Illuminate/Foundation/Http/Kernel.php(170): Illuminate\\Routing\\Router->dispatch(Object(Illuminate\\Http\\Request))
#13 /home/vagrant/code/tootiko/vendor/laravel/framework/src/Illuminate/Pipeline/Pipeline.php(130): Illuminate\\Foundation\\Http\\Kernel->Illuminate\\Foundation\\Http\\{closure}(Object(Illuminate\\Http\\Request))
#14 /home/vagrant/code/tootiko/vendor/laravel/framework/src/Illuminate/Foundation/Http/Middleware/TransformsRequest.php(21): Illuminate\\Pipeline\\Pipeline->Illuminate\\Pipeline\\{closure}(Object(Illuminate\\Http\\Request))
#15 /home/vagrant/code/tootiko/vendor/laravel/framework/src/Illuminate/Pipeline/Pipeline.php(171): Illuminate\\Foundation\\Http\\Middleware\\TransformsRequest->handle(Object(Illuminate\\Http\\Request), Object(Closure))
#16 /home/vagrant/code/tootiko/vendor/laravel/framework/src/Illuminate/Foundation/Http/Middleware/TransformsRequest.php(21): Illuminate\\Pipeline\\Pipeline->Illuminate\\Pipeline\\{closure}(Object(Illuminate\\Http\\Request))
#17 /home/vagrant/code/tootiko/vendor/laravel/framework/src/Illuminate/Pipeline/Pipeline.php(171): Illuminate\\Foundation\\Http\\Middleware\\TransformsRequest->handle(Object(Illuminate\\Http\\Request), Object(Closure))
#18 /home/vagrant/code/tootiko/vendor/laravel/framework/src/Illuminate/Foundation/Http/Middleware/ValidatePostSize.php(27): Illuminate\\Pipeline\\Pipeline->Illuminate\\Pipeline\\{closure}(Object(Illuminate\\Http\\Request))
#19 /home/vagrant/code/tootiko/vendor/laravel/framework/src/Illuminate/Pipeline/Pipeline.php(171): Illuminate\\Foundation\\Http\\Middleware\\ValidatePostSize->handle(Object(Illuminate\\Http\\Request), Object(Closure))
#20 /home/vagrant/code/tootiko/vendor/laravel/framework/src/Illuminate/Foundation/Http/Middleware/CheckForMaintenanceMode.php(63): Illuminate\\Pipeline\\Pipeline->Illuminate\\Pipeline\\{closure}(Object(Illuminate\\Http\\Request))
#21 /home/vagrant/code/tootiko/vendor/laravel/framework/src/Illuminate/Pipeline/Pipeline.php(171): Illuminate\\Foundation\\Http\\Middleware\\CheckForMaintenanceMode->handle(Object(Illuminate\\Http\\Request), Object(Closure))
#22 /home/vagrant/code/tootiko/vendor/fideloper/proxy/src/TrustProxies.php(57): Illuminate\\Pipeline\\Pipeline->Illuminate\\Pipeline\\{closure}(Object(Illuminate\\Http\\Request))
#23 /home/vagrant/code/tootiko/vendor/laravel/framework/src/Illuminate/Pipeline/Pipeline.php(171): Fideloper\\Proxy\\TrustProxies->handle(Object(Illuminate\\Http\\Request), Object(Closure))
#24 /home/vagrant/code/tootiko/vendor/laravel/framework/src/Illuminate/Pipeline/Pipeline.php(105): Illuminate\\Pipeline\\Pipeline->Illuminate\\Pipeline\\{closure}(Object(Illuminate\\Http\\Request))
#25 /home/vagrant/code/tootiko/vendor/laravel/framework/src/Illuminate/Foundation/Http/Kernel.php(145): Illuminate\\Pipeline\\Pipeline->then(Object(Closure))
#26 /home/vagrant/code/tootiko/vendor/laravel/framework/src/Illuminate/Foundation/Http/Kernel.php(110): Illuminate\\Foundation\\Http\\Kernel->sendRequestThroughRouter(Object(Illuminate\\Http\\Request))
#27 /home/vagrant/code/tootiko/public/index.php(55): Illuminate\\Foundation\\Http\\Kernel->handle(Object(Illuminate\\Http\\Request))
#28 {main}
"} 
